2021-07-02 20:20:31,463:INFO:PyCaret Supervised Module
2021-07-02 20:20:31,463:INFO:ML Usecase: classification
2021-07-02 20:20:31,463:INFO:version 2.3.1
2021-07-02 20:20:31,464:INFO:Initializing setup()
2021-07-02 20:20:31,464:INFO:setup(target=target, ml_usecase=classification, available_plots={'parameter': 'Hyperparameters', 'auc': 'AUC', 'confusion_matrix': 'Confusion Matrix', 'threshold': 'Threshold', 'pr': 'Precision Recall', 'error': 'Prediction Error', 'class_report': 'Class Report', 'rfe': 'Feature Selection', 'learning': 'Learning Curve', 'manifold': 'Manifold Learning', 'calibration': 'Calibration Curve', 'vc': 'Validation Curve', 'dimension': 'Dimensions', 'feature': 'Feature Importance', 'feature_all': 'Feature Importance (All)', 'boundary': 'Decision Boundary', 'lift': 'Lift Chart', 'gain': 'Gain Chart', 'tree': 'Decision Tree'}, train_size=0.7, test_data=None, preprocess=True, imputation_type=simple, iterative_imputation_iters=5, categorical_features=['sex', 'cp', 'fbs', 'restecg', 'exang', 'thal'], categorical_imputation=constant, categorical_iterative_imputer=lightgbm, ordinal_features=None, high_cardinality_features=None, high_cardinality_method=frequency, numeric_features=None, numeric_imputation=mean, numeric_iterative_imputer=lightgbm, date_features=None, ignore_features=None, normalize=False, normalize_method=zscore, transformation=False, transformation_method=yeo-johnson, handle_unknown_categorical=True, unknown_categorical_method=least_frequent, pca=False, pca_method=linear, pca_components=None, ignore_low_variance=False, combine_rare_levels=False, rare_level_threshold=0.1, bin_numeric_features=None, remove_outliers=False, outliers_threshold=0.05, remove_multicollinearity=False, multicollinearity_threshold=0.9, remove_perfect_collinearity=True, create_clusters=False, cluster_iter=20, polynomial_features=False, polynomial_degree=2, trigonometry_features=False, polynomial_threshold=0.1, group_features=None, group_names=None, feature_selection=False, feature_selection_threshold=0.8, feature_selection_method=classic, feature_interaction=False, feature_ratio=False, interaction_threshold=0.01, fix_imbalance=False, fix_imbalance_method=None, transform_target=False, transform_target_method=box-cox, data_split_shuffle=True, data_split_stratify=False, fold_strategy=stratifiedkfold, fold=10, fold_shuffle=False, fold_groups=None, n_jobs=-1, use_gpu=False, custom_pipeline=None, html=True, session_id=None, log_experiment=False, experiment_name=None, log_plots=False, log_profile=False, log_data=False, silent=False, verbose=True, profile=False, profile_kwargs=None, display=None)
2021-07-02 20:20:31,466:INFO:Checking environment
2021-07-02 20:20:31,466:INFO:python_version: 3.8.5
2021-07-02 20:20:31,466:INFO:python_build: ('default', 'Sep  4 2020 07:30:14')
2021-07-02 20:20:31,466:INFO:machine: x86_64
2021-07-02 20:20:31,514:INFO:platform: Linux-5.8.0-59-generic-x86_64-with-glibc2.10
2021-07-02 20:20:31,514:INFO:Memory: svmem(total=16538869760, available=4822745088, percent=70.8, used=10103226368, free=1178046464, active=12440764416, inactive=1767821312, buffers=331194368, cached=4926402560, shared=1393147904, slab=411852800)
2021-07-02 20:20:31,515:INFO:Physical Core: 2
2021-07-02 20:20:31,515:INFO:Logical Core: 4
2021-07-02 20:20:31,515:INFO:Checking libraries
2021-07-02 20:20:31,515:INFO:pd==1.0.3
2021-07-02 20:20:31,515:INFO:numpy==1.19.5
2021-07-02 20:20:31,515:INFO:sklearn==0.23.2
2021-07-02 20:20:31,515:INFO:lightgbm==3.2.1
2021-07-02 20:20:31,515:WARNING:catboost not found
2021-07-02 20:20:31,552:INFO:xgboost==1.4.2
2021-07-02 20:20:31,933:INFO:mlflow==1.18.0
2021-07-02 20:20:31,934:INFO:Checking Exceptions
2021-07-02 20:20:31,934:INFO:Declaring global variables
2021-07-02 20:20:31,934:INFO:USI: 1c79
2021-07-02 20:20:31,934:INFO:pycaret_globals: {'experiment__', '_all_models', '_ml_usecase', 'gpu_param', 'display_container', 'master_model_container', 'fold_groups_param', 'fix_imbalance_method_param', '_available_plots', '_all_metrics', 'fold_groups_param_full', 'X_train', 'n_jobs_param', 'transform_target_param', 'data_before_preprocess', 'X', 'iterative_imputation_iters_param', 'target_param', 'prep_pipe', 'fold_param', 'transform_target_method_param', '_all_models_internal', 'create_model_container', 'imputation_classifier', 'fix_imbalance_param', 'exp_name_log', 'fold_generator', 'logging_param', '_internal_pipeline', 'USI', 'html_param', 'stratify_param', 'X_test', 'log_plots_param', 'y', '_gpu_n_jobs_param', 'seed', 'pycaret_globals', 'imputation_regressor', 'fold_shuffle_param', 'y_test', 'y_train'}
2021-07-02 20:20:31,934:INFO:Preparing display monitor
2021-07-02 20:20:31,934:INFO:Preparing display monitor
2021-07-02 20:20:31,953:INFO:Importing libraries
2021-07-02 20:20:31,954:INFO:Copying data for preprocessing
2021-07-02 20:20:31,970:INFO:Declaring preprocessing parameters
2021-07-02 20:20:31,972:INFO:Creating preprocessing pipeline
2021-07-02 20:20:31,993:INFO:Preprocessing pipeline created successfully
2021-07-02 20:20:31,993:ERROR:(Process Exit): setup has been interupted with user command 'quit'. setup must rerun.
2021-07-02 20:20:31,993:INFO:Creating global containers
2021-07-02 20:20:31,994:INFO:Internal pipeline: Pipeline(memory=None, steps=[('empty_step', 'passthrough')], verbose=False)
2021-07-03 12:21:39,578:WARNING:Couldn't import catboost.CatBoostClassifier
2021-07-03 12:21:39,684:WARNING:Couldn't import catboost.CatBoostClassifier
2021-07-03 12:21:39,685:INFO:Creating grid variables
2021-07-03 12:21:39,801:INFO:create_model_container: 0
2021-07-03 12:21:39,801:INFO:master_model_container: 0
2021-07-03 12:21:39,801:INFO:display_container: 1
2021-07-03 12:21:39,815:INFO:Pipeline(memory=None,
         steps=[('dtypes',
                 DataTypes_Auto_infer(categorical_features=['sex', 'cp', 'fbs',
                                                            'restecg', 'exang',
                                                            'thal'],
                                      display_types=True, features_todrop=[],
                                      id_columns=[],
                                      ml_usecase='classification',
                                      numerical_features=[], target='target',
                                      time_features=[])),
                ('imputer',
                 Simple_Imputer(categorical_strategy='not_available',
                                fill_value_categorical=Non...
                ('scaling', 'passthrough'), ('P_transform', 'passthrough'),
                ('binn', 'passthrough'), ('rem_outliers', 'passthrough'),
                ('cluster_all', 'passthrough'),
                ('dummy', Dummify(target='target')),
                ('fix_perfect', Remove_100(target='target')),
                ('clean_names', Clean_Colum_Names()),
                ('feature_select', 'passthrough'), ('fix_multi', 'passthrough'),
                ('dfs', 'passthrough'), ('pca', 'passthrough')],
         verbose=False)
2021-07-03 12:21:39,815:INFO:setup() succesfully completed......................................
2021-07-03 12:21:52,329:INFO:PyCaret Supervised Module
2021-07-03 12:21:52,337:INFO:ML Usecase: classification
2021-07-03 12:21:52,337:INFO:version 2.3.1
2021-07-03 12:21:52,337:INFO:Initializing setup()
2021-07-03 12:21:52,337:INFO:setup(target=target, ml_usecase=classification, available_plots={'parameter': 'Hyperparameters', 'auc': 'AUC', 'confusion_matrix': 'Confusion Matrix', 'threshold': 'Threshold', 'pr': 'Precision Recall', 'error': 'Prediction Error', 'class_report': 'Class Report', 'rfe': 'Feature Selection', 'learning': 'Learning Curve', 'manifold': 'Manifold Learning', 'calibration': 'Calibration Curve', 'vc': 'Validation Curve', 'dimension': 'Dimensions', 'feature': 'Feature Importance', 'feature_all': 'Feature Importance (All)', 'boundary': 'Decision Boundary', 'lift': 'Lift Chart', 'gain': 'Gain Chart', 'tree': 'Decision Tree'}, train_size=0.7, test_data=None, preprocess=True, imputation_type=simple, iterative_imputation_iters=5, categorical_features=['sex', 'cp', 'fbs', 'restecg', 'exang', 'thal'], categorical_imputation=constant, categorical_iterative_imputer=lightgbm, ordinal_features=None, high_cardinality_features=None, high_cardinality_method=frequency, numeric_features=None, numeric_imputation=mean, numeric_iterative_imputer=lightgbm, date_features=None, ignore_features=None, normalize=False, normalize_method=zscore, transformation=False, transformation_method=yeo-johnson, handle_unknown_categorical=True, unknown_categorical_method=least_frequent, pca=False, pca_method=linear, pca_components=None, ignore_low_variance=False, combine_rare_levels=False, rare_level_threshold=0.1, bin_numeric_features=None, remove_outliers=False, outliers_threshold=0.05, remove_multicollinearity=False, multicollinearity_threshold=0.9, remove_perfect_collinearity=True, create_clusters=False, cluster_iter=20, polynomial_features=False, polynomial_degree=2, trigonometry_features=False, polynomial_threshold=0.1, group_features=None, group_names=None, feature_selection=False, feature_selection_threshold=0.8, feature_selection_method=classic, feature_interaction=False, feature_ratio=False, interaction_threshold=0.01, fix_imbalance=False, fix_imbalance_method=None, transform_target=False, transform_target_method=box-cox, data_split_shuffle=True, data_split_stratify=False, fold_strategy=stratifiedkfold, fold=10, fold_shuffle=False, fold_groups=None, n_jobs=-1, use_gpu=False, custom_pipeline=None, html=True, session_id=None, log_experiment=False, experiment_name=None, log_plots=False, log_profile=False, log_data=False, silent=False, verbose=True, profile=False, profile_kwargs=None, display=None)
2021-07-03 12:21:52,337:INFO:Checking environment
2021-07-03 12:21:52,337:INFO:python_version: 3.8.5
2021-07-03 12:21:52,337:INFO:python_build: ('default', 'Sep  4 2020 07:30:14')
2021-07-03 12:21:52,337:INFO:machine: x86_64
2021-07-03 12:21:52,337:INFO:platform: Linux-5.8.0-59-generic-x86_64-with-glibc2.10
2021-07-03 12:21:52,338:INFO:Memory: svmem(total=16538869760, available=2183933952, percent=86.8, used=12730732544, free=426807296, active=13296607232, inactive=2128957440, buffers=258437120, cached=3122892800, shared=1305858048, slab=388616192)
2021-07-03 12:21:52,339:INFO:Physical Core: 2
2021-07-03 12:21:52,339:INFO:Logical Core: 4
2021-07-03 12:21:52,339:INFO:Checking libraries
2021-07-03 12:21:52,339:INFO:pd==1.0.3
2021-07-03 12:21:52,339:INFO:numpy==1.19.5
2021-07-03 12:21:52,339:INFO:sklearn==0.23.2
2021-07-03 12:21:52,339:INFO:lightgbm==3.2.1
2021-07-03 12:21:52,340:WARNING:catboost not found
2021-07-03 12:21:52,340:INFO:xgboost==1.4.2
2021-07-03 12:21:52,340:INFO:mlflow==1.18.0
2021-07-03 12:21:52,340:INFO:Checking Exceptions
2021-07-03 12:21:52,340:INFO:Declaring global variables
2021-07-03 12:21:52,340:INFO:USI: 7d41
2021-07-03 12:21:52,341:INFO:pycaret_globals: {'experiment__', '_all_models', '_ml_usecase', 'gpu_param', 'display_container', 'master_model_container', 'fold_groups_param', 'fix_imbalance_method_param', '_available_plots', '_all_metrics', 'fold_groups_param_full', 'X_train', 'n_jobs_param', 'transform_target_param', 'data_before_preprocess', 'X', 'iterative_imputation_iters_param', 'target_param', 'prep_pipe', 'fold_param', 'transform_target_method_param', '_all_models_internal', 'create_model_container', 'imputation_classifier', 'fix_imbalance_param', 'exp_name_log', 'fold_generator', 'logging_param', '_internal_pipeline', 'USI', 'html_param', 'stratify_param', 'X_test', 'log_plots_param', 'y', '_gpu_n_jobs_param', 'seed', 'pycaret_globals', 'imputation_regressor', 'fold_shuffle_param', 'y_test', 'y_train'}
2021-07-03 12:21:52,341:INFO:Preparing display monitor
2021-07-03 12:21:52,341:INFO:Preparing display monitor
2021-07-03 12:21:52,371:INFO:Importing libraries
2021-07-03 12:21:52,372:INFO:Copying data for preprocessing
2021-07-03 12:21:52,390:INFO:Declaring preprocessing parameters
2021-07-03 12:21:52,392:INFO:Creating preprocessing pipeline
2021-07-03 12:21:52,418:INFO:Preprocessing pipeline created successfully
2021-07-03 12:21:52,419:ERROR:(Process Exit): setup has been interupted with user command 'quit'. setup must rerun.
2021-07-03 12:21:52,419:INFO:Creating global containers
2021-07-03 12:21:52,420:INFO:Internal pipeline: Pipeline(memory=None, steps=[('empty_step', 'passthrough')], verbose=False)
2021-07-03 12:22:09,373:WARNING:Couldn't import catboost.CatBoostClassifier
2021-07-03 12:22:09,482:WARNING:Couldn't import catboost.CatBoostClassifier
2021-07-03 12:22:09,483:INFO:Creating grid variables
2021-07-03 12:22:09,537:INFO:create_model_container: 0
2021-07-03 12:22:09,538:INFO:master_model_container: 0
2021-07-03 12:22:09,538:INFO:display_container: 1
2021-07-03 12:22:09,548:INFO:Pipeline(memory=None,
         steps=[('dtypes',
                 DataTypes_Auto_infer(categorical_features=['sex', 'cp', 'fbs',
                                                            'restecg', 'exang',
                                                            'thal'],
                                      display_types=True, features_todrop=[],
                                      id_columns=[],
                                      ml_usecase='classification',
                                      numerical_features=[], target='target',
                                      time_features=[])),
                ('imputer',
                 Simple_Imputer(categorical_strategy='not_available',
                                fill_value_categorical=Non...
                ('scaling', 'passthrough'), ('P_transform', 'passthrough'),
                ('binn', 'passthrough'), ('rem_outliers', 'passthrough'),
                ('cluster_all', 'passthrough'),
                ('dummy', Dummify(target='target')),
                ('fix_perfect', Remove_100(target='target')),
                ('clean_names', Clean_Colum_Names()),
                ('feature_select', 'passthrough'), ('fix_multi', 'passthrough'),
                ('dfs', 'passthrough'), ('pca', 'passthrough')],
         verbose=False)
2021-07-03 12:22:09,548:INFO:setup() succesfully completed......................................
2021-07-03 12:22:32,769:INFO:PyCaret Supervised Module
2021-07-03 12:22:32,770:INFO:ML Usecase: classification
2021-07-03 12:22:32,770:INFO:version 2.3.1
2021-07-03 12:22:32,770:INFO:Initializing setup()
2021-07-03 12:22:32,770:INFO:setup(target=target, ml_usecase=classification, available_plots={'parameter': 'Hyperparameters', 'auc': 'AUC', 'confusion_matrix': 'Confusion Matrix', 'threshold': 'Threshold', 'pr': 'Precision Recall', 'error': 'Prediction Error', 'class_report': 'Class Report', 'rfe': 'Feature Selection', 'learning': 'Learning Curve', 'manifold': 'Manifold Learning', 'calibration': 'Calibration Curve', 'vc': 'Validation Curve', 'dimension': 'Dimensions', 'feature': 'Feature Importance', 'feature_all': 'Feature Importance (All)', 'boundary': 'Decision Boundary', 'lift': 'Lift Chart', 'gain': 'Gain Chart', 'tree': 'Decision Tree'}, train_size=0.7, test_data=None, preprocess=True, imputation_type=simple, iterative_imputation_iters=5, categorical_features=['sex', 'cp', 'fbs', 'restecg', 'exang', 'thal'], categorical_imputation=constant, categorical_iterative_imputer=lightgbm, ordinal_features=None, high_cardinality_features=None, high_cardinality_method=frequency, numeric_features=None, numeric_imputation=mean, numeric_iterative_imputer=lightgbm, date_features=None, ignore_features=None, normalize=False, normalize_method=zscore, transformation=False, transformation_method=yeo-johnson, handle_unknown_categorical=True, unknown_categorical_method=least_frequent, pca=False, pca_method=linear, pca_components=None, ignore_low_variance=False, combine_rare_levels=False, rare_level_threshold=0.1, bin_numeric_features=None, remove_outliers=False, outliers_threshold=0.05, remove_multicollinearity=False, multicollinearity_threshold=0.9, remove_perfect_collinearity=True, create_clusters=False, cluster_iter=20, polynomial_features=False, polynomial_degree=2, trigonometry_features=False, polynomial_threshold=0.1, group_features=None, group_names=None, feature_selection=False, feature_selection_threshold=0.8, feature_selection_method=classic, feature_interaction=False, feature_ratio=False, interaction_threshold=0.01, fix_imbalance=False, fix_imbalance_method=None, transform_target=False, transform_target_method=box-cox, data_split_shuffle=True, data_split_stratify=False, fold_strategy=stratifiedkfold, fold=10, fold_shuffle=False, fold_groups=None, n_jobs=-1, use_gpu=False, custom_pipeline=None, html=True, session_id=None, log_experiment=False, experiment_name=None, log_plots=False, log_profile=False, log_data=False, silent=False, verbose=True, profile=False, profile_kwargs=None, display=None)
2021-07-03 12:22:32,770:INFO:Checking environment
2021-07-03 12:22:32,770:INFO:python_version: 3.8.5
2021-07-03 12:22:32,771:INFO:python_build: ('default', 'Sep  4 2020 07:30:14')
2021-07-03 12:22:32,771:INFO:machine: x86_64
2021-07-03 12:22:32,771:INFO:platform: Linux-5.8.0-59-generic-x86_64-with-glibc2.10
2021-07-03 12:22:32,771:INFO:Memory: svmem(total=16538869760, available=2189385728, percent=86.8, used=12710363136, free=426237952, active=13275746304, inactive=2143485952, buffers=258912256, cached=3143356416, shared=1321254912, slab=387645440)
2021-07-03 12:22:32,772:INFO:Physical Core: 2
2021-07-03 12:22:32,772:INFO:Logical Core: 4
2021-07-03 12:22:32,772:INFO:Checking libraries
2021-07-03 12:22:32,772:INFO:pd==1.0.3
2021-07-03 12:22:32,772:INFO:numpy==1.19.5
2021-07-03 12:22:32,772:INFO:sklearn==0.23.2
2021-07-03 12:22:32,773:INFO:lightgbm==3.2.1
2021-07-03 12:22:32,773:WARNING:catboost not found
2021-07-03 12:22:32,774:INFO:xgboost==1.4.2
2021-07-03 12:22:32,774:INFO:mlflow==1.18.0
2021-07-03 12:22:32,774:INFO:Checking Exceptions
2021-07-03 12:22:32,774:INFO:Declaring global variables
2021-07-03 12:22:32,774:INFO:USI: f922
2021-07-03 12:22:32,775:INFO:pycaret_globals: {'experiment__', '_all_models', '_ml_usecase', 'gpu_param', 'display_container', 'master_model_container', 'fold_groups_param', 'fix_imbalance_method_param', '_available_plots', '_all_metrics', 'fold_groups_param_full', 'X_train', 'n_jobs_param', 'transform_target_param', 'data_before_preprocess', 'X', 'iterative_imputation_iters_param', 'target_param', 'prep_pipe', 'fold_param', 'transform_target_method_param', '_all_models_internal', 'create_model_container', 'imputation_classifier', 'fix_imbalance_param', 'exp_name_log', 'fold_generator', 'logging_param', '_internal_pipeline', 'USI', 'html_param', 'stratify_param', 'X_test', 'log_plots_param', 'y', '_gpu_n_jobs_param', 'seed', 'pycaret_globals', 'imputation_regressor', 'fold_shuffle_param', 'y_test', 'y_train'}
2021-07-03 12:22:32,775:INFO:Preparing display monitor
2021-07-03 12:22:32,775:INFO:Preparing display monitor
2021-07-03 12:22:32,819:INFO:Importing libraries
2021-07-03 12:22:32,820:INFO:Copying data for preprocessing
2021-07-03 12:22:32,843:INFO:Declaring preprocessing parameters
2021-07-03 12:22:32,849:INFO:Creating preprocessing pipeline
2021-07-03 12:22:32,867:INFO:Preprocessing pipeline created successfully
2021-07-03 12:22:32,871:ERROR:(Process Exit): setup has been interupted with user command 'quit'. setup must rerun.
2021-07-03 12:22:32,871:INFO:Creating global containers
2021-07-03 12:22:32,872:INFO:Internal pipeline: Pipeline(memory=None, steps=[('empty_step', 'passthrough')], verbose=False)
2021-07-03 12:24:43,653:INFO:PyCaret Supervised Module
2021-07-03 12:24:43,654:INFO:ML Usecase: classification
2021-07-03 12:24:43,656:INFO:version 2.3.1
2021-07-03 12:24:43,656:INFO:Initializing setup()
2021-07-03 12:24:43,656:INFO:setup(target=target, ml_usecase=classification, available_plots={'parameter': 'Hyperparameters', 'auc': 'AUC', 'confusion_matrix': 'Confusion Matrix', 'threshold': 'Threshold', 'pr': 'Precision Recall', 'error': 'Prediction Error', 'class_report': 'Class Report', 'rfe': 'Feature Selection', 'learning': 'Learning Curve', 'manifold': 'Manifold Learning', 'calibration': 'Calibration Curve', 'vc': 'Validation Curve', 'dimension': 'Dimensions', 'feature': 'Feature Importance', 'feature_all': 'Feature Importance (All)', 'boundary': 'Decision Boundary', 'lift': 'Lift Chart', 'gain': 'Gain Chart', 'tree': 'Decision Tree'}, train_size=0.7, test_data=None, preprocess=True, imputation_type=simple, iterative_imputation_iters=5, categorical_features=['sex', 'cp', 'fbs', 'restecg', 'exang', 'thal'], categorical_imputation=constant, categorical_iterative_imputer=lightgbm, ordinal_features=None, high_cardinality_features=None, high_cardinality_method=frequency, numeric_features=None, numeric_imputation=mean, numeric_iterative_imputer=lightgbm, date_features=None, ignore_features=None, normalize=False, normalize_method=zscore, transformation=False, transformation_method=yeo-johnson, handle_unknown_categorical=True, unknown_categorical_method=least_frequent, pca=False, pca_method=linear, pca_components=None, ignore_low_variance=False, combine_rare_levels=False, rare_level_threshold=0.1, bin_numeric_features=None, remove_outliers=False, outliers_threshold=0.05, remove_multicollinearity=False, multicollinearity_threshold=0.9, remove_perfect_collinearity=True, create_clusters=False, cluster_iter=20, polynomial_features=False, polynomial_degree=2, trigonometry_features=False, polynomial_threshold=0.1, group_features=None, group_names=None, feature_selection=False, feature_selection_threshold=0.8, feature_selection_method=classic, feature_interaction=False, feature_ratio=False, interaction_threshold=0.01, fix_imbalance=False, fix_imbalance_method=None, transform_target=False, transform_target_method=box-cox, data_split_shuffle=True, data_split_stratify=False, fold_strategy=stratifiedkfold, fold=10, fold_shuffle=False, fold_groups=None, n_jobs=-1, use_gpu=False, custom_pipeline=None, html=True, session_id=None, log_experiment=False, experiment_name=None, log_plots=False, log_profile=False, log_data=False, silent=False, verbose=True, profile=False, profile_kwargs=None, display=None)
2021-07-03 12:24:43,656:INFO:Checking environment
2021-07-03 12:24:43,657:INFO:python_version: 3.8.5
2021-07-03 12:24:43,657:INFO:python_build: ('default', 'Sep  4 2020 07:30:14')
2021-07-03 12:24:43,657:INFO:machine: x86_64
2021-07-03 12:24:43,720:INFO:platform: Linux-5.8.0-59-generic-x86_64-with-glibc2.10
2021-07-03 12:24:43,721:INFO:Memory: svmem(total=16538869760, available=2105589760, percent=87.3, used=12774596608, free=192802816, active=13384417280, inactive=2265665536, buffers=277417984, cached=3294052352, shared=1340928000, slab=385814528)
2021-07-03 12:24:43,721:INFO:Physical Core: 2
2021-07-03 12:24:43,721:INFO:Logical Core: 4
2021-07-03 12:24:43,721:INFO:Checking libraries
2021-07-03 12:24:43,721:INFO:pd==1.0.3
2021-07-03 12:24:43,722:INFO:numpy==1.19.5
2021-07-03 12:24:43,722:INFO:sklearn==0.23.2
2021-07-03 12:24:43,722:INFO:lightgbm==3.2.1
2021-07-03 12:24:43,722:WARNING:catboost not found
2021-07-03 12:24:43,758:INFO:xgboost==1.4.2
2021-07-03 12:24:44,313:INFO:mlflow==1.18.0
2021-07-03 12:24:44,313:INFO:Checking Exceptions
2021-07-03 12:24:44,313:INFO:Declaring global variables
2021-07-03 12:24:44,314:INFO:USI: 495a
2021-07-03 12:24:44,314:INFO:pycaret_globals: {'pycaret_globals', '_all_models', '_all_metrics', 'log_plots_param', 'data_before_preprocess', 'target_param', 'iterative_imputation_iters_param', 'y_train', 'imputation_classifier', 'seed', 'gpu_param', 'imputation_regressor', 'X', 'transform_target_method_param', 'fold_param', 'n_jobs_param', '_all_models_internal', 'stratify_param', 'fix_imbalance_param', 'y_test', 'X_train', 'fold_groups_param_full', 'y', 'X_test', 'fold_shuffle_param', '_gpu_n_jobs_param', 'master_model_container', '_internal_pipeline', 'exp_name_log', 'html_param', 'display_container', 'USI', 'prep_pipe', '_ml_usecase', 'experiment__', '_available_plots', 'fix_imbalance_method_param', 'logging_param', 'create_model_container', 'transform_target_param', 'fold_generator', 'fold_groups_param'}
2021-07-03 12:24:44,314:INFO:Preparing display monitor
2021-07-03 12:24:44,314:INFO:Preparing display monitor
2021-07-03 12:24:44,337:INFO:Importing libraries
2021-07-03 12:24:44,337:INFO:Copying data for preprocessing
2021-07-03 12:24:44,351:INFO:Declaring preprocessing parameters
2021-07-03 12:24:44,353:INFO:Creating preprocessing pipeline
2021-07-03 12:24:44,378:INFO:Preprocessing pipeline created successfully
2021-07-03 12:24:44,378:ERROR:(Process Exit): setup has been interupted with user command 'quit'. setup must rerun.
2021-07-03 12:24:44,378:INFO:Creating global containers
2021-07-03 12:24:44,380:INFO:Internal pipeline: Pipeline(memory=None, steps=[('empty_step', 'passthrough')], verbose=False)
2021-07-03 12:24:46,329:WARNING:Couldn't import catboost.CatBoostClassifier
2021-07-03 12:24:46,430:WARNING:Couldn't import catboost.CatBoostClassifier
2021-07-03 12:24:46,431:INFO:Creating grid variables
2021-07-03 12:24:46,517:INFO:create_model_container: 0
2021-07-03 12:24:46,517:INFO:master_model_container: 0
2021-07-03 12:24:46,517:INFO:display_container: 1
2021-07-03 12:24:46,528:INFO:Pipeline(memory=None,
         steps=[('dtypes',
                 DataTypes_Auto_infer(categorical_features=['sex', 'cp', 'fbs',
                                                            'restecg', 'exang',
                                                            'thal'],
                                      display_types=True, features_todrop=[],
                                      id_columns=[],
                                      ml_usecase='classification',
                                      numerical_features=[], target='target',
                                      time_features=[])),
                ('imputer',
                 Simple_Imputer(categorical_strategy='not_available',
                                fill_value_categorical=Non...
                ('scaling', 'passthrough'), ('P_transform', 'passthrough'),
                ('binn', 'passthrough'), ('rem_outliers', 'passthrough'),
                ('cluster_all', 'passthrough'),
                ('dummy', Dummify(target='target')),
                ('fix_perfect', Remove_100(target='target')),
                ('clean_names', Clean_Colum_Names()),
                ('feature_select', 'passthrough'), ('fix_multi', 'passthrough'),
                ('dfs', 'passthrough'), ('pca', 'passthrough')],
         verbose=False)
2021-07-03 12:24:46,528:INFO:setup() succesfully completed......................................
2021-07-03 12:24:52,667:INFO:Initializing compare_models()
2021-07-03 12:24:52,668:INFO:compare_models(include=None, fold=None, round=4, cross_validation=True, sort=Accuracy, n_select=1, budget_time=None, turbo=True, errors=ignore, fit_kwargs=None, groups=None, verbose=True, display=None, exclude=None)
2021-07-03 12:24:52,668:INFO:Checking exceptions
2021-07-03 12:24:52,671:INFO:Preparing display monitor
2021-07-03 12:24:52,671:INFO:Preparing display monitor
2021-07-03 12:24:52,737:INFO:Initializing Logistic Regression
2021-07-03 12:24:52,737:INFO:Total runtime is 4.251797993977864e-06 minutes
2021-07-03 12:24:52,767:INFO:SubProcess create_model() called ==================================
2021-07-03 12:24:52,768:INFO:Initializing create_model()
2021-07-03 12:24:52,768:INFO:create_model(estimator=lr, fold=StratifiedKFold(n_splits=10, random_state=None, shuffle=False), round=4, cross_validation=True, predict=True, fit_kwargs={}, groups=None, refit=False, verbose=False, system=False, metrics=None, display=<pycaret.internal.Display.Display object at 0x7f1187a09340>, kwargs={})
2021-07-03 12:24:52,768:INFO:Checking exceptions
2021-07-03 12:24:52,768:INFO:Importing libraries
2021-07-03 12:24:52,769:INFO:Copying training dataset
2021-07-03 12:24:52,772:INFO:Defining folds
2021-07-03 12:24:52,772:INFO:Declaring metric variables
2021-07-03 12:24:52,787:INFO:Importing untrained model
2021-07-03 12:24:52,804:INFO:Logistic Regression Imported succesfully
2021-07-03 12:24:52,842:INFO:Starting cross validation
2021-07-03 12:24:52,844:INFO:Cross validating with StratifiedKFold(n_splits=10, random_state=None, shuffle=False), n_jobs=-1
2021-07-03 12:24:56,779:INFO:Calculating mean and std
2021-07-03 12:24:56,782:INFO:Creating metrics dataframe
2021-07-03 12:24:56,789:INFO:Uploading results into container
2021-07-03 12:24:56,789:INFO:Uploading model into container now
2021-07-03 12:24:56,789:INFO:create_model_container: 1
2021-07-03 12:24:56,789:INFO:master_model_container: 1
2021-07-03 12:24:56,790:INFO:display_container: 2
2021-07-03 12:24:56,790:INFO:LogisticRegression(C=1.0, class_weight=None, dual=False, fit_intercept=True,
                   intercept_scaling=1, l1_ratio=None, max_iter=1000,
                   multi_class='auto', n_jobs=None, penalty='l2',
                   random_state=7247, solver='lbfgs', tol=0.0001, verbose=0,
                   warm_start=False)
2021-07-03 12:24:56,790:INFO:create_model() succesfully completed......................................
2021-07-03 12:24:56,899:INFO:SubProcess create_model() end ==================================
2021-07-03 12:24:56,900:INFO:Creating metrics dataframe
2021-07-03 12:24:56,923:INFO:Initializing K Neighbors Classifier
2021-07-03 12:24:56,924:INFO:Total runtime is 0.0697821815808614 minutes
2021-07-03 12:24:56,940:INFO:SubProcess create_model() called ==================================
2021-07-03 12:24:56,941:INFO:Initializing create_model()
2021-07-03 12:24:56,941:INFO:create_model(estimator=knn, fold=StratifiedKFold(n_splits=10, random_state=None, shuffle=False), round=4, cross_validation=True, predict=True, fit_kwargs={}, groups=None, refit=False, verbose=False, system=False, metrics=None, display=<pycaret.internal.Display.Display object at 0x7f1187a09340>, kwargs={})
2021-07-03 12:24:56,941:INFO:Checking exceptions
2021-07-03 12:24:56,941:INFO:Importing libraries
2021-07-03 12:24:56,942:INFO:Copying training dataset
2021-07-03 12:24:56,943:INFO:Defining folds
2021-07-03 12:24:56,943:INFO:Declaring metric variables
2021-07-03 12:24:56,959:INFO:Importing untrained model
2021-07-03 12:24:56,975:INFO:K Neighbors Classifier Imported succesfully
2021-07-03 12:24:57,014:INFO:Starting cross validation
2021-07-03 12:24:57,015:INFO:Cross validating with StratifiedKFold(n_splits=10, random_state=None, shuffle=False), n_jobs=-1
2021-07-03 12:24:57,211:INFO:Calculating mean and std
2021-07-03 12:24:57,212:INFO:Creating metrics dataframe
2021-07-03 12:24:57,220:INFO:Uploading results into container
2021-07-03 12:24:57,221:INFO:Uploading model into container now
2021-07-03 12:24:57,221:INFO:create_model_container: 2
2021-07-03 12:24:57,221:INFO:master_model_container: 2
2021-07-03 12:24:57,221:INFO:display_container: 2
2021-07-03 12:24:57,221:INFO:KNeighborsClassifier(algorithm='auto', leaf_size=30, metric='minkowski',
                     metric_params=None, n_jobs=-1, n_neighbors=5, p=2,
                     weights='uniform')
2021-07-03 12:24:57,221:INFO:create_model() succesfully completed......................................
2021-07-03 12:24:57,314:INFO:SubProcess create_model() end ==================================
2021-07-03 12:24:57,314:INFO:Creating metrics dataframe
2021-07-03 12:24:57,350:INFO:Initializing Naive Bayes
2021-07-03 12:24:57,351:INFO:Total runtime is 0.07690044244130452 minutes
2021-07-03 12:24:57,371:INFO:SubProcess create_model() called ==================================
2021-07-03 12:24:57,371:INFO:Initializing create_model()
2021-07-03 12:24:57,372:INFO:create_model(estimator=nb, fold=StratifiedKFold(n_splits=10, random_state=None, shuffle=False), round=4, cross_validation=True, predict=True, fit_kwargs={}, groups=None, refit=False, verbose=False, system=False, metrics=None, display=<pycaret.internal.Display.Display object at 0x7f1187a09340>, kwargs={})
2021-07-03 12:24:57,372:INFO:Checking exceptions
2021-07-03 12:24:57,372:INFO:Importing libraries
2021-07-03 12:24:57,372:INFO:Copying training dataset
2021-07-03 12:24:57,374:INFO:Defining folds
2021-07-03 12:24:57,374:INFO:Declaring metric variables
2021-07-03 12:24:57,390:INFO:Importing untrained model
2021-07-03 12:24:57,408:INFO:Naive Bayes Imported succesfully
2021-07-03 12:24:57,440:INFO:Starting cross validation
2021-07-03 12:24:57,441:INFO:Cross validating with StratifiedKFold(n_splits=10, random_state=None, shuffle=False), n_jobs=-1
2021-07-03 12:24:57,570:INFO:Calculating mean and std
2021-07-03 12:24:57,571:INFO:Creating metrics dataframe
2021-07-03 12:24:57,579:INFO:Uploading results into container
2021-07-03 12:24:57,579:INFO:Uploading model into container now
2021-07-03 12:24:57,579:INFO:create_model_container: 3
2021-07-03 12:24:57,579:INFO:master_model_container: 3
2021-07-03 12:24:57,579:INFO:display_container: 2
2021-07-03 12:24:57,580:INFO:GaussianNB(priors=None, var_smoothing=1e-09)
2021-07-03 12:24:57,580:INFO:create_model() succesfully completed......................................
2021-07-03 12:24:57,674:INFO:SubProcess create_model() end ==================================
2021-07-03 12:24:57,674:INFO:Creating metrics dataframe
2021-07-03 12:24:57,709:INFO:Initializing Decision Tree Classifier
2021-07-03 12:24:57,709:INFO:Total runtime is 0.082867960135142 minutes
2021-07-03 12:24:57,722:INFO:SubProcess create_model() called ==================================
2021-07-03 12:24:57,722:INFO:Initializing create_model()
2021-07-03 12:24:57,722:INFO:create_model(estimator=dt, fold=StratifiedKFold(n_splits=10, random_state=None, shuffle=False), round=4, cross_validation=True, predict=True, fit_kwargs={}, groups=None, refit=False, verbose=False, system=False, metrics=None, display=<pycaret.internal.Display.Display object at 0x7f1187a09340>, kwargs={})
2021-07-03 12:24:57,723:INFO:Checking exceptions
2021-07-03 12:24:57,723:INFO:Importing libraries
2021-07-03 12:24:57,723:INFO:Copying training dataset
2021-07-03 12:24:57,724:INFO:Defining folds
2021-07-03 12:24:57,724:INFO:Declaring metric variables
2021-07-03 12:24:57,742:INFO:Importing untrained model
2021-07-03 12:24:57,756:INFO:Decision Tree Classifier Imported succesfully
2021-07-03 12:24:57,790:INFO:Starting cross validation
2021-07-03 12:24:57,791:INFO:Cross validating with StratifiedKFold(n_splits=10, random_state=None, shuffle=False), n_jobs=-1
2021-07-03 12:24:57,916:INFO:Calculating mean and std
2021-07-03 12:24:57,918:INFO:Creating metrics dataframe
2021-07-03 12:24:57,925:INFO:Uploading results into container
2021-07-03 12:24:57,926:INFO:Uploading model into container now
2021-07-03 12:24:57,926:INFO:create_model_container: 4
2021-07-03 12:24:57,926:INFO:master_model_container: 4
2021-07-03 12:24:57,926:INFO:display_container: 2
2021-07-03 12:24:57,926:INFO:DecisionTreeClassifier(ccp_alpha=0.0, class_weight=None, criterion='gini',
                       max_depth=None, max_features=None, max_leaf_nodes=None,
                       min_impurity_decrease=0.0, min_impurity_split=None,
                       min_samples_leaf=1, min_samples_split=2,
                       min_weight_fraction_leaf=0.0, presort='deprecated',
                       random_state=7247, splitter='best')
2021-07-03 12:24:57,926:INFO:create_model() succesfully completed......................................
2021-07-03 12:24:58,025:INFO:SubProcess create_model() end ==================================
2021-07-03 12:24:58,026:INFO:Creating metrics dataframe
2021-07-03 12:24:58,070:INFO:Initializing SVM - Linear Kernel
2021-07-03 12:24:58,071:INFO:Total runtime is 0.08890111843744913 minutes
2021-07-03 12:24:58,083:INFO:SubProcess create_model() called ==================================
2021-07-03 12:24:58,084:INFO:Initializing create_model()
2021-07-03 12:24:58,084:INFO:create_model(estimator=svm, fold=StratifiedKFold(n_splits=10, random_state=None, shuffle=False), round=4, cross_validation=True, predict=True, fit_kwargs={}, groups=None, refit=False, verbose=False, system=False, metrics=None, display=<pycaret.internal.Display.Display object at 0x7f1187a09340>, kwargs={})
2021-07-03 12:24:58,084:INFO:Checking exceptions
2021-07-03 12:24:58,084:INFO:Importing libraries
2021-07-03 12:24:58,084:INFO:Copying training dataset
2021-07-03 12:24:58,085:INFO:Defining folds
2021-07-03 12:24:58,085:INFO:Declaring metric variables
2021-07-03 12:24:58,098:INFO:Importing untrained model
2021-07-03 12:24:58,113:INFO:SVM - Linear Kernel Imported succesfully
2021-07-03 12:24:58,147:INFO:Starting cross validation
2021-07-03 12:24:58,148:INFO:Cross validating with StratifiedKFold(n_splits=10, random_state=None, shuffle=False), n_jobs=-1
2021-07-03 12:24:58,300:INFO:Calculating mean and std
2021-07-03 12:24:58,301:INFO:Creating metrics dataframe
2021-07-03 12:24:58,311:INFO:Uploading results into container
2021-07-03 12:24:58,312:INFO:Uploading model into container now
2021-07-03 12:24:58,312:INFO:create_model_container: 5
2021-07-03 12:24:58,312:INFO:master_model_container: 5
2021-07-03 12:24:58,312:INFO:display_container: 2
2021-07-03 12:24:58,313:INFO:SGDClassifier(alpha=0.0001, average=False, class_weight=None,
              early_stopping=False, epsilon=0.1, eta0=0.001, fit_intercept=True,
              l1_ratio=0.15, learning_rate='optimal', loss='hinge',
              max_iter=1000, n_iter_no_change=5, n_jobs=-1, penalty='l2',
              power_t=0.5, random_state=7247, shuffle=True, tol=0.001,
              validation_fraction=0.1, verbose=0, warm_start=False)
2021-07-03 12:24:58,313:INFO:create_model() succesfully completed......................................
2021-07-03 12:24:58,410:INFO:SubProcess create_model() end ==================================
2021-07-03 12:24:58,410:INFO:Creating metrics dataframe
2021-07-03 12:24:58,459:INFO:Initializing Ridge Classifier
2021-07-03 12:24:58,460:INFO:Total runtime is 0.09538442293802897 minutes
2021-07-03 12:24:58,476:INFO:SubProcess create_model() called ==================================
2021-07-03 12:24:58,477:INFO:Initializing create_model()
2021-07-03 12:24:58,477:INFO:create_model(estimator=ridge, fold=StratifiedKFold(n_splits=10, random_state=None, shuffle=False), round=4, cross_validation=True, predict=True, fit_kwargs={}, groups=None, refit=False, verbose=False, system=False, metrics=None, display=<pycaret.internal.Display.Display object at 0x7f1187a09340>, kwargs={})
2021-07-03 12:24:58,477:INFO:Checking exceptions
2021-07-03 12:24:58,477:INFO:Importing libraries
2021-07-03 12:24:58,477:INFO:Copying training dataset
2021-07-03 12:24:58,478:INFO:Defining folds
2021-07-03 12:24:58,479:INFO:Declaring metric variables
2021-07-03 12:24:58,491:INFO:Importing untrained model
2021-07-03 12:24:58,508:INFO:Ridge Classifier Imported succesfully
2021-07-03 12:24:58,547:INFO:Starting cross validation
2021-07-03 12:24:58,549:INFO:Cross validating with StratifiedKFold(n_splits=10, random_state=None, shuffle=False), n_jobs=-1
2021-07-03 12:24:58,669:INFO:Calculating mean and std
2021-07-03 12:24:58,670:INFO:Creating metrics dataframe
2021-07-03 12:24:58,677:INFO:Uploading results into container
2021-07-03 12:24:58,677:INFO:Uploading model into container now
2021-07-03 12:24:58,677:INFO:create_model_container: 6
2021-07-03 12:24:58,677:INFO:master_model_container: 6
2021-07-03 12:24:58,678:INFO:display_container: 2
2021-07-03 12:24:58,678:INFO:RidgeClassifier(alpha=1.0, class_weight=None, copy_X=True, fit_intercept=True,
                max_iter=None, normalize=False, random_state=7247,
                solver='auto', tol=0.001)
2021-07-03 12:24:58,678:INFO:create_model() succesfully completed......................................
2021-07-03 12:24:58,778:INFO:SubProcess create_model() end ==================================
2021-07-03 12:24:58,778:INFO:Creating metrics dataframe
2021-07-03 12:24:58,825:INFO:Initializing Random Forest Classifier
2021-07-03 12:24:58,825:INFO:Total runtime is 0.1014770785967509 minutes
2021-07-03 12:24:58,842:INFO:SubProcess create_model() called ==================================
2021-07-03 12:24:58,842:INFO:Initializing create_model()
2021-07-03 12:24:58,842:INFO:create_model(estimator=rf, fold=StratifiedKFold(n_splits=10, random_state=None, shuffle=False), round=4, cross_validation=True, predict=True, fit_kwargs={}, groups=None, refit=False, verbose=False, system=False, metrics=None, display=<pycaret.internal.Display.Display object at 0x7f1187a09340>, kwargs={})
2021-07-03 12:24:58,842:INFO:Checking exceptions
2021-07-03 12:24:58,844:INFO:Importing libraries
2021-07-03 12:24:58,845:INFO:Copying training dataset
2021-07-03 12:24:58,846:INFO:Defining folds
2021-07-03 12:24:58,846:INFO:Declaring metric variables
2021-07-03 12:24:58,860:INFO:Importing untrained model
2021-07-03 12:24:58,878:INFO:Random Forest Classifier Imported succesfully
2021-07-03 12:24:58,917:INFO:Starting cross validation
2021-07-03 12:24:58,918:INFO:Cross validating with StratifiedKFold(n_splits=10, random_state=None, shuffle=False), n_jobs=-1
2021-07-03 12:25:00,323:INFO:Calculating mean and std
2021-07-03 12:25:00,324:INFO:Creating metrics dataframe
2021-07-03 12:25:00,330:INFO:Uploading results into container
2021-07-03 12:25:00,330:INFO:Uploading model into container now
2021-07-03 12:25:00,330:INFO:create_model_container: 7
2021-07-03 12:25:00,330:INFO:master_model_container: 7
2021-07-03 12:25:00,330:INFO:display_container: 2
2021-07-03 12:25:00,331:INFO:RandomForestClassifier(bootstrap=True, ccp_alpha=0.0, class_weight=None,
                       criterion='gini', max_depth=None, max_features='auto',
                       max_leaf_nodes=None, max_samples=None,
                       min_impurity_decrease=0.0, min_impurity_split=None,
                       min_samples_leaf=1, min_samples_split=2,
                       min_weight_fraction_leaf=0.0, n_estimators=100,
                       n_jobs=-1, oob_score=False, random_state=7247, verbose=0,
                       warm_start=False)
2021-07-03 12:25:00,331:INFO:create_model() succesfully completed......................................
2021-07-03 12:25:00,426:INFO:SubProcess create_model() end ==================================
2021-07-03 12:25:00,426:INFO:Creating metrics dataframe
2021-07-03 12:25:00,476:INFO:Initializing Quadratic Discriminant Analysis
2021-07-03 12:25:00,476:INFO:Total runtime is 0.1289883255958557 minutes
2021-07-03 12:25:00,490:INFO:SubProcess create_model() called ==================================
2021-07-03 12:25:00,490:INFO:Initializing create_model()
2021-07-03 12:25:00,491:INFO:create_model(estimator=qda, fold=StratifiedKFold(n_splits=10, random_state=None, shuffle=False), round=4, cross_validation=True, predict=True, fit_kwargs={}, groups=None, refit=False, verbose=False, system=False, metrics=None, display=<pycaret.internal.Display.Display object at 0x7f1187a09340>, kwargs={})
2021-07-03 12:25:00,491:INFO:Checking exceptions
2021-07-03 12:25:00,491:INFO:Importing libraries
2021-07-03 12:25:00,491:INFO:Copying training dataset
2021-07-03 12:25:00,492:INFO:Defining folds
2021-07-03 12:25:00,493:INFO:Declaring metric variables
2021-07-03 12:25:00,509:INFO:Importing untrained model
2021-07-03 12:25:00,527:INFO:Quadratic Discriminant Analysis Imported succesfully
2021-07-03 12:25:00,564:INFO:Starting cross validation
2021-07-03 12:25:00,565:INFO:Cross validating with StratifiedKFold(n_splits=10, random_state=None, shuffle=False), n_jobs=-1
2021-07-03 12:25:00,730:INFO:Calculating mean and std
2021-07-03 12:25:00,731:INFO:Creating metrics dataframe
2021-07-03 12:25:00,736:INFO:Uploading results into container
2021-07-03 12:25:00,737:INFO:Uploading model into container now
2021-07-03 12:25:00,737:INFO:create_model_container: 8
2021-07-03 12:25:00,737:INFO:master_model_container: 8
2021-07-03 12:25:00,737:INFO:display_container: 2
2021-07-03 12:25:00,737:INFO:QuadraticDiscriminantAnalysis(priors=None, reg_param=0.0,
                              store_covariance=False, tol=0.0001)
2021-07-03 12:25:00,737:INFO:create_model() succesfully completed......................................
2021-07-03 12:25:00,831:INFO:SubProcess create_model() end ==================================
2021-07-03 12:25:00,831:INFO:Creating metrics dataframe
2021-07-03 12:25:00,890:INFO:Initializing Ada Boost Classifier
2021-07-03 12:25:00,890:INFO:Total runtime is 0.1358970284461975 minutes
2021-07-03 12:25:00,905:INFO:SubProcess create_model() called ==================================
2021-07-03 12:25:00,905:INFO:Initializing create_model()
2021-07-03 12:25:00,905:INFO:create_model(estimator=ada, fold=StratifiedKFold(n_splits=10, random_state=None, shuffle=False), round=4, cross_validation=True, predict=True, fit_kwargs={}, groups=None, refit=False, verbose=False, system=False, metrics=None, display=<pycaret.internal.Display.Display object at 0x7f1187a09340>, kwargs={})
2021-07-03 12:25:00,906:INFO:Checking exceptions
2021-07-03 12:25:00,906:INFO:Importing libraries
2021-07-03 12:25:00,906:INFO:Copying training dataset
2021-07-03 12:25:00,908:INFO:Defining folds
2021-07-03 12:25:00,908:INFO:Declaring metric variables
2021-07-03 12:25:00,921:INFO:Importing untrained model
2021-07-03 12:25:00,942:INFO:Ada Boost Classifier Imported succesfully
2021-07-03 12:25:00,985:INFO:Starting cross validation
2021-07-03 12:25:00,987:INFO:Cross validating with StratifiedKFold(n_splits=10, random_state=None, shuffle=False), n_jobs=-1
2021-07-03 12:25:01,564:INFO:Calculating mean and std
2021-07-03 12:25:01,565:INFO:Creating metrics dataframe
2021-07-03 12:25:01,570:INFO:Uploading results into container
2021-07-03 12:25:01,570:INFO:Uploading model into container now
2021-07-03 12:25:01,570:INFO:create_model_container: 9
2021-07-03 12:25:01,570:INFO:master_model_container: 9
2021-07-03 12:25:01,570:INFO:display_container: 2
2021-07-03 12:25:01,570:INFO:AdaBoostClassifier(algorithm='SAMME.R', base_estimator=None, learning_rate=1.0,
                   n_estimators=50, random_state=7247)
2021-07-03 12:25:01,570:INFO:create_model() succesfully completed......................................
2021-07-03 12:25:01,669:INFO:SubProcess create_model() end ==================================
2021-07-03 12:25:01,669:INFO:Creating metrics dataframe
2021-07-03 12:25:01,724:INFO:Initializing Gradient Boosting Classifier
2021-07-03 12:25:01,724:INFO:Total runtime is 0.14978558222452798 minutes
2021-07-03 12:25:01,738:INFO:SubProcess create_model() called ==================================
2021-07-03 12:25:01,739:INFO:Initializing create_model()
2021-07-03 12:25:01,739:INFO:create_model(estimator=gbc, fold=StratifiedKFold(n_splits=10, random_state=None, shuffle=False), round=4, cross_validation=True, predict=True, fit_kwargs={}, groups=None, refit=False, verbose=False, system=False, metrics=None, display=<pycaret.internal.Display.Display object at 0x7f1187a09340>, kwargs={})
2021-07-03 12:25:01,739:INFO:Checking exceptions
2021-07-03 12:25:01,739:INFO:Importing libraries
2021-07-03 12:25:01,739:INFO:Copying training dataset
2021-07-03 12:25:01,742:INFO:Defining folds
2021-07-03 12:25:01,742:INFO:Declaring metric variables
2021-07-03 12:25:01,754:INFO:Importing untrained model
2021-07-03 12:25:01,770:INFO:Gradient Boosting Classifier Imported succesfully
2021-07-03 12:25:01,798:INFO:Starting cross validation
2021-07-03 12:25:01,799:INFO:Cross validating with StratifiedKFold(n_splits=10, random_state=None, shuffle=False), n_jobs=-1
2021-07-03 12:25:02,345:INFO:Calculating mean and std
2021-07-03 12:25:02,346:INFO:Creating metrics dataframe
2021-07-03 12:25:02,359:INFO:Uploading results into container
2021-07-03 12:25:02,359:INFO:Uploading model into container now
2021-07-03 12:25:02,360:INFO:create_model_container: 10
2021-07-03 12:25:02,360:INFO:master_model_container: 10
2021-07-03 12:25:02,360:INFO:display_container: 2
2021-07-03 12:25:02,361:INFO:GradientBoostingClassifier(ccp_alpha=0.0, criterion='friedman_mse', init=None,
                           learning_rate=0.1, loss='deviance', max_depth=3,
                           max_features=None, max_leaf_nodes=None,
                           min_impurity_decrease=0.0, min_impurity_split=None,
                           min_samples_leaf=1, min_samples_split=2,
                           min_weight_fraction_leaf=0.0, n_estimators=100,
                           n_iter_no_change=None, presort='deprecated',
                           random_state=7247, subsample=1.0, tol=0.0001,
                           validation_fraction=0.1, verbose=0,
                           warm_start=False)
2021-07-03 12:25:02,362:INFO:create_model() succesfully completed......................................
2021-07-03 12:25:02,478:INFO:SubProcess create_model() end ==================================
2021-07-03 12:25:02,478:INFO:Creating metrics dataframe
2021-07-03 12:25:02,542:INFO:Initializing Linear Discriminant Analysis
2021-07-03 12:25:02,542:INFO:Total runtime is 0.1634271224339803 minutes
2021-07-03 12:25:02,559:INFO:SubProcess create_model() called ==================================
2021-07-03 12:25:02,560:INFO:Initializing create_model()
2021-07-03 12:25:02,560:INFO:create_model(estimator=lda, fold=StratifiedKFold(n_splits=10, random_state=None, shuffle=False), round=4, cross_validation=True, predict=True, fit_kwargs={}, groups=None, refit=False, verbose=False, system=False, metrics=None, display=<pycaret.internal.Display.Display object at 0x7f1187a09340>, kwargs={})
2021-07-03 12:25:02,560:INFO:Checking exceptions
2021-07-03 12:25:02,560:INFO:Importing libraries
2021-07-03 12:25:02,560:INFO:Copying training dataset
2021-07-03 12:25:02,561:INFO:Defining folds
2021-07-03 12:25:02,566:INFO:Declaring metric variables
2021-07-03 12:25:02,583:INFO:Importing untrained model
2021-07-03 12:25:02,607:INFO:Linear Discriminant Analysis Imported succesfully
2021-07-03 12:25:02,643:INFO:Starting cross validation
2021-07-03 12:25:02,644:INFO:Cross validating with StratifiedKFold(n_splits=10, random_state=None, shuffle=False), n_jobs=-1
2021-07-03 12:25:02,773:INFO:Calculating mean and std
2021-07-03 12:25:02,774:INFO:Creating metrics dataframe
2021-07-03 12:25:02,783:INFO:Uploading results into container
2021-07-03 12:25:02,784:INFO:Uploading model into container now
2021-07-03 12:25:02,784:INFO:create_model_container: 11
2021-07-03 12:25:02,784:INFO:master_model_container: 11
2021-07-03 12:25:02,784:INFO:display_container: 2
2021-07-03 12:25:02,785:INFO:LinearDiscriminantAnalysis(n_components=None, priors=None, shrinkage=None,
                           solver='svd', store_covariance=False, tol=0.0001)
2021-07-03 12:25:02,785:INFO:create_model() succesfully completed......................................
2021-07-03 12:25:02,883:INFO:SubProcess create_model() end ==================================
2021-07-03 12:25:02,883:INFO:Creating metrics dataframe
2021-07-03 12:25:02,948:INFO:Initializing Extra Trees Classifier
2021-07-03 12:25:02,948:INFO:Total runtime is 0.17018839518229167 minutes
2021-07-03 12:25:02,962:INFO:SubProcess create_model() called ==================================
2021-07-03 12:25:02,963:INFO:Initializing create_model()
2021-07-03 12:25:02,963:INFO:create_model(estimator=et, fold=StratifiedKFold(n_splits=10, random_state=None, shuffle=False), round=4, cross_validation=True, predict=True, fit_kwargs={}, groups=None, refit=False, verbose=False, system=False, metrics=None, display=<pycaret.internal.Display.Display object at 0x7f1187a09340>, kwargs={})
2021-07-03 12:25:02,963:INFO:Checking exceptions
2021-07-03 12:25:02,963:INFO:Importing libraries
2021-07-03 12:25:02,963:INFO:Copying training dataset
2021-07-03 12:25:02,965:INFO:Defining folds
2021-07-03 12:25:02,965:INFO:Declaring metric variables
2021-07-03 12:25:02,981:INFO:Importing untrained model
2021-07-03 12:25:02,996:INFO:Extra Trees Classifier Imported succesfully
2021-07-03 12:25:03,035:INFO:Starting cross validation
2021-07-03 12:25:03,035:INFO:Cross validating with StratifiedKFold(n_splits=10, random_state=None, shuffle=False), n_jobs=-1
2021-07-03 12:25:04,249:INFO:Calculating mean and std
2021-07-03 12:25:04,250:INFO:Creating metrics dataframe
2021-07-03 12:25:04,256:INFO:Uploading results into container
2021-07-03 12:25:04,256:INFO:Uploading model into container now
2021-07-03 12:25:04,256:INFO:create_model_container: 12
2021-07-03 12:25:04,256:INFO:master_model_container: 12
2021-07-03 12:25:04,256:INFO:display_container: 2
2021-07-03 12:25:04,257:INFO:ExtraTreesClassifier(bootstrap=False, ccp_alpha=0.0, class_weight=None,
                     criterion='gini', max_depth=None, max_features='auto',
                     max_leaf_nodes=None, max_samples=None,
                     min_impurity_decrease=0.0, min_impurity_split=None,
                     min_samples_leaf=1, min_samples_split=2,
                     min_weight_fraction_leaf=0.0, n_estimators=100, n_jobs=-1,
                     oob_score=False, random_state=7247, verbose=0,
                     warm_start=False)
2021-07-03 12:25:04,257:INFO:create_model() succesfully completed......................................
2021-07-03 12:25:04,351:INFO:SubProcess create_model() end ==================================
2021-07-03 12:25:04,351:INFO:Creating metrics dataframe
2021-07-03 12:25:04,416:INFO:Initializing Extreme Gradient Boosting
2021-07-03 12:25:04,416:INFO:Total runtime is 0.19466119209925334 minutes
2021-07-03 12:25:04,438:INFO:SubProcess create_model() called ==================================
2021-07-03 12:25:04,439:INFO:Initializing create_model()
2021-07-03 12:25:04,439:INFO:create_model(estimator=xgboost, fold=StratifiedKFold(n_splits=10, random_state=None, shuffle=False), round=4, cross_validation=True, predict=True, fit_kwargs={}, groups=None, refit=False, verbose=False, system=False, metrics=None, display=<pycaret.internal.Display.Display object at 0x7f1187a09340>, kwargs={})
2021-07-03 12:25:04,439:INFO:Checking exceptions
2021-07-03 12:25:04,441:INFO:Importing libraries
2021-07-03 12:25:04,441:INFO:Copying training dataset
2021-07-03 12:25:04,442:INFO:Defining folds
2021-07-03 12:25:04,442:INFO:Declaring metric variables
2021-07-03 12:25:04,463:INFO:Importing untrained model
2021-07-03 12:25:04,476:INFO:Extreme Gradient Boosting Imported succesfully
2021-07-03 12:25:04,523:INFO:Starting cross validation
2021-07-03 12:25:04,526:INFO:Cross validating with StratifiedKFold(n_splits=10, random_state=None, shuffle=False), n_jobs=-1
2021-07-03 12:27:06,565:INFO:Calculating mean and std
2021-07-03 12:27:06,566:INFO:Creating metrics dataframe
2021-07-03 12:27:06,575:INFO:Uploading results into container
2021-07-03 12:27:06,575:INFO:Uploading model into container now
2021-07-03 12:27:06,575:INFO:create_model_container: 13
2021-07-03 12:27:06,575:INFO:master_model_container: 13
2021-07-03 12:27:06,575:INFO:display_container: 2
2021-07-03 12:27:06,576:INFO:XGBClassifier(base_score=None, booster='gbtree', colsample_bylevel=None,
              colsample_bynode=None, colsample_bytree=None, gamma=None,
              gpu_id=None, importance_type='gain', interaction_constraints=None,
              learning_rate=None, max_delta_step=None, max_depth=None,
              min_child_weight=None, missing=nan, monotone_constraints=None,
              n_estimators=100, n_jobs=-1, num_parallel_tree=None,
              objective='binary:logistic', random_state=7247, reg_alpha=None,
              reg_lambda=None, scale_pos_weight=None, subsample=None,
              tree_method='auto', use_label_encoder=True,
              validate_parameters=None, verbosity=0)
2021-07-03 12:27:06,576:INFO:create_model() succesfully completed......................................
2021-07-03 12:27:06,674:INFO:SubProcess create_model() end ==================================
2021-07-03 12:27:06,674:INFO:Creating metrics dataframe
2021-07-03 12:27:06,740:INFO:Initializing Light Gradient Boosting Machine
2021-07-03 12:27:06,740:INFO:Total runtime is 2.2333878676096597 minutes
2021-07-03 12:27:06,758:INFO:SubProcess create_model() called ==================================
2021-07-03 12:27:06,759:INFO:Initializing create_model()
2021-07-03 12:27:06,759:INFO:create_model(estimator=lightgbm, fold=StratifiedKFold(n_splits=10, random_state=None, shuffle=False), round=4, cross_validation=True, predict=True, fit_kwargs={}, groups=None, refit=False, verbose=False, system=False, metrics=None, display=<pycaret.internal.Display.Display object at 0x7f1187a09340>, kwargs={})
2021-07-03 12:27:06,759:INFO:Checking exceptions
2021-07-03 12:27:06,759:INFO:Importing libraries
2021-07-03 12:27:06,759:INFO:Copying training dataset
2021-07-03 12:27:06,761:INFO:Defining folds
2021-07-03 12:27:06,761:INFO:Declaring metric variables
2021-07-03 12:27:06,776:INFO:Importing untrained model
2021-07-03 12:27:06,797:INFO:Light Gradient Boosting Machine Imported succesfully
2021-07-03 12:27:06,831:INFO:Starting cross validation
2021-07-03 12:27:06,832:INFO:Cross validating with StratifiedKFold(n_splits=10, random_state=None, shuffle=False), n_jobs=-1
2021-07-03 12:27:07,851:INFO:Calculating mean and std
2021-07-03 12:27:07,852:INFO:Creating metrics dataframe
2021-07-03 12:27:07,860:INFO:Uploading results into container
2021-07-03 12:27:07,860:INFO:Uploading model into container now
2021-07-03 12:27:07,860:INFO:create_model_container: 14
2021-07-03 12:27:07,860:INFO:master_model_container: 14
2021-07-03 12:27:07,860:INFO:display_container: 2
2021-07-03 12:27:07,861:INFO:LGBMClassifier(boosting_type='gbdt', class_weight=None, colsample_bytree=1.0,
               importance_type='split', learning_rate=0.1, max_depth=-1,
               min_child_samples=20, min_child_weight=0.001, min_split_gain=0.0,
               n_estimators=100, n_jobs=-1, num_leaves=31, objective=None,
               random_state=7247, reg_alpha=0.0, reg_lambda=0.0, silent=True,
               subsample=1.0, subsample_for_bin=200000, subsample_freq=0)
2021-07-03 12:27:07,861:INFO:create_model() succesfully completed......................................
2021-07-03 12:27:07,950:INFO:SubProcess create_model() end ==================================
2021-07-03 12:27:07,950:INFO:Creating metrics dataframe
2021-07-03 12:27:08,063:INFO:Initializing create_model()
2021-07-03 12:27:08,063:INFO:create_model(estimator=RidgeClassifier(alpha=1.0, class_weight=None, copy_X=True, fit_intercept=True,
                max_iter=None, normalize=False, random_state=7247,
                solver='auto', tol=0.001), fold=StratifiedKFold(n_splits=10, random_state=None, shuffle=False), round=4, cross_validation=False, predict=False, fit_kwargs={}, groups=None, refit=True, verbose=False, system=False, metrics=None, display=None, kwargs={})
2021-07-03 12:27:08,063:INFO:Checking exceptions
2021-07-03 12:27:08,063:INFO:Importing libraries
2021-07-03 12:27:08,063:INFO:Copying training dataset
2021-07-03 12:27:08,063:INFO:Defining folds
2021-07-03 12:27:08,064:INFO:Declaring metric variables
2021-07-03 12:27:08,064:INFO:Importing untrained model
2021-07-03 12:27:08,064:INFO:Declaring custom model
2021-07-03 12:27:08,065:INFO:Ridge Classifier Imported succesfully
2021-07-03 12:27:08,066:INFO:Cross validation set to False
2021-07-03 12:27:08,066:INFO:Fitting Model
2021-07-03 12:27:08,099:INFO:RidgeClassifier(alpha=1.0, class_weight=None, copy_X=True, fit_intercept=True,
                max_iter=None, normalize=False, random_state=7247,
                solver='auto', tol=0.001)
2021-07-03 12:27:08,100:INFO:create_models() succesfully completed......................................
2021-07-03 12:27:08,430:INFO:create_model_container: 14
2021-07-03 12:27:08,430:INFO:master_model_container: 14
2021-07-03 12:27:08,430:INFO:display_container: 2
2021-07-03 12:27:08,431:INFO:RidgeClassifier(alpha=1.0, class_weight=None, copy_X=True, fit_intercept=True,
                max_iter=None, normalize=False, random_state=7247,
                solver='auto', tol=0.001)
2021-07-03 12:27:08,431:INFO:compare_models() succesfully completed......................................
2021-07-03 12:27:08,438:INFO:Initializing predict_model()
2021-07-03 12:27:08,439:INFO:predict_model(estimator=RidgeClassifier(alpha=1.0, class_weight=None, copy_X=True, fit_intercept=True,
                max_iter=None, normalize=False, random_state=7247,
                solver='auto', tol=0.001), probability_threshold=None, encoded_labels=False, raw_score=False, round=4, verbose=True, ml_usecase=MLUsecase.CLASSIFICATION, display=None)
2021-07-03 12:27:08,439:INFO:Checking exceptions
2021-07-03 12:27:08,439:INFO:Preloading libraries
2021-07-03 12:27:08,439:INFO:Preparing display monitor
2021-07-03 12:28:00,693:INFO:Initializing predict_model()
2021-07-03 12:28:00,693:INFO:predict_model(estimator=RidgeClassifier(alpha=1.0, class_weight=None, copy_X=True, fit_intercept=True,
                max_iter=None, normalize=False, random_state=7247,
                solver='auto', tol=0.001), probability_threshold=None, encoded_labels=False, raw_score=False, round=4, verbose=True, ml_usecase=MLUsecase.CLASSIFICATION, display=None)
2021-07-03 12:28:00,694:INFO:Checking exceptions
2021-07-03 12:28:00,694:INFO:Preloading libraries
2021-07-03 12:28:00,695:INFO:Preparing display monitor
2021-07-03 12:28:39,632:INFO:Initializing save_model()
2021-07-03 12:28:39,632:INFO:save_model(model=RidgeClassifier(alpha=1.0, class_weight=None, copy_X=True, fit_intercept=True,
                max_iter=None, normalize=False, random_state=7247,
                solver='auto', tol=0.001), model_name=ridge-model, prep_pipe_=Pipeline(memory=None,
         steps=[('dtypes',
                 DataTypes_Auto_infer(categorical_features=['sex', 'cp', 'fbs',
                                                            'restecg', 'exang',
                                                            'thal'],
                                      display_types=True, features_todrop=[],
                                      id_columns=[],
                                      ml_usecase='classification',
                                      numerical_features=[], target='target',
                                      time_features=[])),
                ('imputer',
                 Simple_Imputer(categorical_strategy='not_available',
                                fill_value_categorical=Non...
                ('scaling', 'passthrough'), ('P_transform', 'passthrough'),
                ('binn', 'passthrough'), ('rem_outliers', 'passthrough'),
                ('cluster_all', 'passthrough'),
                ('dummy', Dummify(target='target')),
                ('fix_perfect', Remove_100(target='target')),
                ('clean_names', Clean_Colum_Names()),
                ('feature_select', 'passthrough'), ('fix_multi', 'passthrough'),
                ('dfs', 'passthrough'), ('pca', 'passthrough')],
         verbose=False), verbose=True, kwargs={})
2021-07-03 12:28:39,632:INFO:Adding model into prep_pipe
2021-07-03 12:28:39,657:INFO:ridge-model.pkl saved in current working directory
2021-07-03 12:28:39,671:INFO:Pipeline(memory=None,
         steps=[('dtypes',
                 DataTypes_Auto_infer(categorical_features=['sex', 'cp', 'fbs',
                                                            'restecg', 'exang',
                                                            'thal'],
                                      display_types=True, features_todrop=[],
                                      id_columns=[],
                                      ml_usecase='classification',
                                      numerical_features=[], target='target',
                                      time_features=[])),
                ('imputer',
                 Simple_Imputer(categorical_strategy='not_available',
                                fill_value_categorical=Non...
                ('fix_perfect', Remove_100(target='target')),
                ('clean_names', Clean_Colum_Names()),
                ('feature_select', 'passthrough'), ('fix_multi', 'passthrough'),
                ('dfs', 'passthrough'), ('pca', 'passthrough'),
                ['trained_model',
                 RidgeClassifier(alpha=1.0, class_weight=None, copy_X=True,
                                 fit_intercept=True, max_iter=None,
                                 normalize=False, random_state=7247,
                                 solver='auto', tol=0.001)]],
         verbose=False)
2021-07-03 12:28:39,671:INFO:save_model() succesfully completed......................................
2021-07-03 12:29:46,485:INFO:Initializing load_model()
2021-07-03 12:29:46,485:INFO:load_model(model_name=ridge-model, platform=None, authentication=None, verbose=True)
2021-07-03 12:29:58,619:INFO:Initializing load_model()
2021-07-03 12:29:58,619:INFO:load_model(model_name=ridge-model, platform=None, authentication=None, verbose=True)
